<?xml version="1.0" encoding="UTF-8"?>
<!-- Generated by org.testng.reporters.JUnitXMLReporter -->
<testsuite hostname="Sony" ignored="0" name="Different features Testing" tests="20" failures="1" timestamp="03 Dec 2018 14:27:44 GMT" time="23.566" errors="0">
  <testcase name="loginTest" time="0.016" classname="com.TestNG.TestngFeatures">
    <failure type="java.lang.ArithmeticException" message="/ by zero">
      <![CDATA[java.lang.ArithmeticException: / by zero
at com.TestNG.TestngFeatures.loginTest(TestngFeatures.java:12)
... Removed 25 stack frames]]>
    </failure>
  </testcase> <!-- loginTest -->
  <testcase name="homePageTest" time="0.0" classname="com.TestNG.TestngFeatures">
    <skipped/>
  </testcase> <!-- homePageTest -->
  <testcase name="regPageTest" time="0.0" classname="com.TestNG.TestngFeatures">
    <skipped/>
  </testcase> <!-- regPageTest -->
  <testcase name="searchPageTest" time="0.0" classname="com.TestNG.TestngFeatures">
    <skipped/>
  </testcase> <!-- searchPageTest -->
  <testcase name="googleLogoTest" time="0.008" classname="com.TestNG.TestNGBasic"/>
  <testcase name="googleTitleTest" time="0.004" classname="com.TestNG.TestNGBasic"/>
  <testcase name="searchTest" time="0.004" classname="com.TestNG.TestNGBasic"/>
  <testcase name="invocationCountTest" time="0.004" classname="com.TestNG.InvocationCountTest"/>
  <testcase name="invocationCountTest" time="0.004" classname="com.TestNG.InvocationCountTest"/>
  <testcase name="invocationCountTest" time="0.004" classname="com.TestNG.InvocationCountTest"/>
  <testcase name="invocationCountTest" time="0.008" classname="com.TestNG.InvocationCountTest"/>
  <testcase name="invocationCountTest" time="0.012" classname="com.TestNG.InvocationCountTest"/>
  <testcase name="invocationCountTest" time="0.026" classname="com.TestNG.InvocationCountTest"/>
  <testcase name="invocationCountTest" time="0.002" classname="com.TestNG.InvocationCountTest"/>
  <testcase name="invocationCountTest" time="0.004" classname="com.TestNG.InvocationCountTest"/>
  <testcase name="invocationCountTest" time="0.0" classname="com.TestNG.InvocationCountTest"/>
  <testcase name="invocationCountTest" time="0.0" classname="com.TestNG.InvocationCountTest"/>
  <testcase name="infiniteLoopTest" time="0.007" classname="com.TestNG.ExpectedException"/>
  <testcase name="infiniteLoopTest" time="0.02" classname="com.TestNG.ExceptionTimeOutTest"/>
  <testcase name="googleTitleTest" time="2.028" classname="com.TestNG.GoogleTitleTest"/>
</testsuite> <!-- Different features Testing -->
