<?xml version="1.0" encoding="UTF-8"?>
<!-- Generated by org.testng.reporters.JUnitXMLReporter -->
<testsuite hostname="Sony" ignored="0" name="Default test" tests="4" failures="0" timestamp="02 Mar 2019 21:26:08 GMT" time="0.181" errors="0">
  <testcase name="loginTest" time="0.028" classname="com.TestNG.TestngFeatures"/>
  <testcase name="homePageTest" time="0.006" classname="com.TestNG.TestngFeatures"/>
  <testcase name="searchPageTest" time="0.011" classname="com.TestNG.TestngFeatures"/>
  <testcase name="regPageTest" time="0.016" classname="com.TestNG.TestngFeatures"/>
</testsuite> <!-- Default test -->
