<?xml version="1.0" encoding="UTF-8"?>
<testng-results skipped="0" failed="0" ignored="0" total="4" passed="4">
  <reporter-output>
  </reporter-output>
  <suite name="Default suite" duration-ms="181" started-at="2019-03-02T21:26:07Z" finished-at="2019-03-02T21:26:07Z">
    <groups>
    </groups>
    <test name="Default test" duration-ms="181" started-at="2019-03-02T21:26:07Z" finished-at="2019-03-02T21:26:07Z">
      <class name="com.TestNG.TestngFeatures">
        <test-method status="PASS" signature="loginTest()[pri:0, instance:com.TestNG.TestngFeatures@5bcea91b]" name="loginTest" duration-ms="28" started-at="2019-03-02T21:26:07Z" finished-at="2019-03-02T21:26:07Z">
          <reporter-output>
          </reporter-output>
        </test-method> <!-- loginTest -->
        <test-method status="PASS" signature="homePageTest()[pri:0, instance:com.TestNG.TestngFeatures@5bcea91b]" name="homePageTest" duration-ms="6" started-at="2019-03-02T21:26:07Z" depends-on-methods="com.TestNG.TestngFeatures.loginTest" finished-at="2019-03-02T21:26:07Z">
          <reporter-output>
          </reporter-output>
        </test-method> <!-- homePageTest -->
        <test-method status="PASS" signature="searchPageTest()[pri:0, instance:com.TestNG.TestngFeatures@5bcea91b]" name="searchPageTest" duration-ms="11" started-at="2019-03-02T21:26:07Z" depends-on-methods="com.TestNG.TestngFeatures.homePageTest" finished-at="2019-03-02T21:26:07Z">
          <reporter-output>
          </reporter-output>
        </test-method> <!-- searchPageTest -->
        <test-method status="PASS" signature="regPageTest()[pri:0, instance:com.TestNG.TestngFeatures@5bcea91b]" name="regPageTest" duration-ms="16" started-at="2019-03-02T21:26:07Z" depends-on-methods="com.TestNG.TestngFeatures.searchPageTest" finished-at="2019-03-02T21:26:07Z">
          <reporter-output>
          </reporter-output>
        </test-method> <!-- regPageTest -->
      </class> <!-- com.TestNG.TestngFeatures -->
    </test> <!-- Default test -->
  </suite> <!-- Default suite -->
</testng-results>
